#
# There is insufficient memory for the Java Runtime Environment to continue.
# Native memory allocation (malloc) failed to allocate 32744 bytes for ChunkPool::allocate
# Possible reasons:
#   The system is out of physical RAM or swap space
#   The process is running with CompressedOops enabled, and the Java Heap may be blocking the growth of the native heap
# Possible solutions:
#   Reduce memory load on the system
#   Increase physical memory or swap space
#   Check if swap backing store is full
#   Decrease Java heap size (-Xmx/-Xms)
#   Decrease number of Java threads
#   Decrease Java thread stack sizes (-Xss)
#   Set larger code cache with -XX:ReservedCodeCacheSize=
#   JVM is running with Unscaled Compressed Oops mode in which the Java heap is
#     placed in the first 4GB address space. The Java Heap base address is the
#     maximum limit for the native heap growth. Please use -XX:HeapBaseMinAddress
#     to set the Java Heap base and to place the Java Heap above 4GB virtual address.
# This output file may be truncated or incomplete.
#
#  Out of Memory Error (arena.cpp:78), pid=13488, tid=13588
#
# JRE version: OpenJDK Runtime Environment Temurin-17.0.3+7 (17.0.3+7) (build 17.0.3+7)
# Java VM: OpenJDK 64-Bit Server VM Temurin-17.0.3+7 (17.0.3+7, mixed mode, tiered, compressed oops, compressed class ptrs, g1 gc, windows-amd64)
# No core dump will be written. Minidumps are not enabled by default on client versions of Windows
#

---------------  S U M M A R Y ------------

Command Line: -XX:+ShowCodeDetailsInExceptionMessages songs.components.SongsApplication

Host: Intel(R) Core(TM) i7-8550U CPU @ 1.80GHz, 8 cores, 7G,  Windows 10 , 64 bit Build 17763 (10.0.17763.475)
Time: Thu Jul 14 17:49:24 2022 שעון קיץ ירושלים elapsed time: 846.145048 seconds (0d 0h 14m 6s)

---------------  T H R E A D  ---------------

Current thread (0x000001dda7022500):  JavaThread "C2 CompilerThread0" daemon [_thread_in_native, id=13588, stack(0x0000009454500000,0x0000009454600000)]


Current CompileTask:
C2: 846145 4566   !   4       java.util.zip.ZipFile::getInputStream (276 bytes)

Stack: [0x0000009454500000,0x0000009454600000]
Native frames: (J=compiled Java code, j=interpreted, Vv=VM code, C=native code)
V  [jvm.dll+0x675efa]
V  [jvm.dll+0x830a24]
V  [jvm.dll+0x8321ce]
V  [jvm.dll+0x832833]
V  [jvm.dll+0x2454b5]
V  [jvm.dll+0xabfc0]
V  [jvm.dll+0xac30c]
V  [jvm.dll+0x651d18]
V  [jvm.dll+0x65183e]
V  [jvm.dll+0x6850c4]
V  [jvm.dll+0x68355c]
V  [jvm.dll+0x1a6e7c]
V  [jvm.dll+0x2ab824]
V  [jvm.dll+0x68e23d]
V  [jvm.dll+0x68636b]
V  [jvm.dll+0x6859a7]
V  [jvm.dll+0x6838a2]
V  [jvm.dll+0x1a6e7c]
V  [jvm.dll+0x2ab824]
V  [jvm.dll+0x68e23d]
V  [jvm.dll+0x68636b]
V  [jvm.dll+0x6859a7]
V  [jvm.dll+0x6838a2]
V  [jvm.dll+0x1a6e7c]
V  [jvm.dll+0x2ab824]
V  [jvm.dll+0x68e23d]
V  [jvm.dll+0x68636b]
V  [jvm.dll+0x6859a7]
V  [jvm.dll+0x6838a2]
V  [jvm.dll+0x1a6e7c]
V  [jvm.dll+0x2ab824]
V  [jvm.dll+0x68e23d]
V  [jvm.dll+0x68636b]
V  [jvm.dll+0x6859a7]
V  [jvm.dll+0x6838a2]
V  [jvm.dll+0x1a6e7c]
V  [jvm.dll+0x217348]
V  [jvm.dll+0x1a3ccd]
V  [jvm.dll+0x227178]
V  [jvm.dll+0x2252bc]
V  [jvm.dll+0x7e673b]
V  [jvm.dll+0x7e0cfa]
V  [jvm.dll+0x674d85]
C  [ucrtbase.dll+0x2268a]
C  [KERNEL32.DLL+0x17974]
C  [ntdll.dll+0x5a0b1]


---------------  P R O C E S S  ---------------

Threads class SMR info:
_java_thread_list=0x000001ddaae4e4c0, length=31, elements={
0x000001dda6506750, 0x000001dda6507700, 0x000001dda6528010, 0x000001dda701cc30,
0x000001dda7020710, 0x000001dda7021860, 0x000001dda7022500, 0x000001dda7023bf0,
0x000001dda7026910, 0x000001dda7184970, 0x000001dda7185e50, 0x000001dda8d85820,
0x000001ddaac6ec10, 0x000001ddaaf81e90, 0x000001dda8c8d850, 0x000001ddab935040,
0x000001ddaad424a0, 0x000001ddaad3fe70, 0x000001ddab53a010, 0x000001ddabcd6760,
0x000001dda8ed9fe0, 0x000001dda8ed9640, 0x000001dda8eda4b0, 0x000001ddab527b60,
0x000001ddab524670, 0x000001ddab526cf0, 0x000001ddab524b40, 0x000001ddab5271c0,
0x000001ddab525010, 0x000001ddab5259b0, 0x000001ddab527690
}

Java Threads: ( => current thread )
  0x000001dda6506750 JavaThread "Reference Handler" daemon [_thread_blocked, id=12800, stack(0x0000009453f00000,0x0000009454000000)]
  0x000001dda6507700 JavaThread "Finalizer" daemon [_thread_blocked, id=13100, stack(0x0000009454000000,0x0000009454100000)]
  0x000001dda6528010 JavaThread "Signal Dispatcher" daemon [_thread_blocked, id=2948, stack(0x0000009454100000,0x0000009454200000)]
  0x000001dda701cc30 JavaThread "Attach Listener" daemon [_thread_blocked, id=14284, stack(0x0000009454200000,0x0000009454300000)]
  0x000001dda7020710 JavaThread "Service Thread" daemon [_thread_blocked, id=4476, stack(0x0000009454300000,0x0000009454400000)]
  0x000001dda7021860 JavaThread "Monitor Deflation Thread" daemon [_thread_blocked, id=3436, stack(0x0000009454400000,0x0000009454500000)]
=>0x000001dda7022500 JavaThread "C2 CompilerThread0" daemon [_thread_in_native, id=13588, stack(0x0000009454500000,0x0000009454600000)]
  0x000001dda7023bf0 JavaThread "C1 CompilerThread0" daemon [_thread_in_native, id=6504, stack(0x0000009454600000,0x0000009454700000)]
  0x000001dda7026910 JavaThread "Sweeper thread" daemon [_thread_blocked, id=5024, stack(0x0000009454700000,0x0000009454800000)]
  0x000001dda7184970 JavaThread "Notification Thread" daemon [_thread_blocked, id=11604, stack(0x0000009454800000,0x0000009454900000)]
  0x000001dda7185e50 JavaThread "Common-Cleaner" daemon [_thread_blocked, id=10564, stack(0x0000009454a00000,0x0000009454b00000)]
  0x000001dda8d85820 JavaThread "Catalina-utility-1" [_thread_blocked, id=6260, stack(0x0000009455300000,0x0000009455400000)]
  0x000001ddaac6ec10 JavaThread "Catalina-utility-2" [_thread_blocked, id=7688, stack(0x0000009455700000,0x0000009455800000)]
  0x000001ddaaf81e90 JavaThread "container-0" [_thread_blocked, id=14868, stack(0x0000009455800000,0x0000009455900000)]
  0x000001dda8c8d850 JavaThread "BufferPoolPruner-1-thread-1" daemon [_thread_blocked, id=10120, stack(0x0000009455900000,0x0000009455a00000)]
  0x000001ddab935040 JavaThread "cluster-ClusterId{value='62d029a8d4bd8e4f29363e60', description='null'}-localhost:27017" daemon [_thread_blocked, id=10340, stack(0x0000009455a00000,0x0000009455b00000)]
  0x000001ddaad424a0 JavaThread "cluster-rtt-ClusterId{value='62d029a8d4bd8e4f29363e60', description='null'}-localhost:27017" daemon [_thread_blocked, id=13988, stack(0x0000009455b00000,0x0000009455c00000)]
  0x000001ddaad3fe70 JavaThread "MaintenanceTimer-2-thread-1" daemon [_thread_blocked, id=14056, stack(0x0000009455d00000,0x0000009455e00000)]
  0x000001ddab53a010 JavaThread "http-nio-8080-exec-1" daemon [_thread_blocked, id=14636, stack(0x0000009455e00000,0x0000009455f00000)]
  0x000001ddabcd6760 JavaThread "http-nio-8080-exec-2" daemon [_thread_blocked, id=4920, stack(0x0000009455f00000,0x0000009456000000)]
  0x000001dda8ed9fe0 JavaThread "http-nio-8080-exec-3" daemon [_thread_blocked, id=7360, stack(0x0000009456000000,0x0000009456100000)]
  0x000001dda8ed9640 JavaThread "http-nio-8080-exec-4" daemon [_thread_blocked, id=5436, stack(0x0000009456100000,0x0000009456200000)]
  0x000001dda8eda4b0 JavaThread "http-nio-8080-exec-5" daemon [_thread_blocked, id=13952, stack(0x0000009456200000,0x0000009456300000)]
  0x000001ddab527b60 JavaThread "http-nio-8080-exec-6" daemon [_thread_blocked, id=2156, stack(0x0000009456300000,0x0000009456400000)]
  0x000001ddab524670 JavaThread "http-nio-8080-exec-7" daemon [_thread_blocked, id=11700, stack(0x0000009456400000,0x0000009456500000)]
  0x000001ddab526cf0 JavaThread "http-nio-8080-exec-8" daemon [_thread_blocked, id=8804, stack(0x0000009456500000,0x0000009456600000)]
  0x000001ddab524b40 JavaThread "http-nio-8080-exec-9" daemon [_thread_blocked, id=6820, stack(0x0000009456600000,0x0000009456700000)]
  0x000001ddab5271c0 JavaThread "http-nio-8080-exec-10" daemon [_thread_blocked, id=6472, stack(0x0000009456700000,0x0000009456800000)]
  0x000001ddab525010 JavaThread "http-nio-8080-Poller" daemon [_thread_in_native, id=14008, stack(0x0000009456800000,0x0000009456900000)]
  0x000001ddab5259b0 JavaThread "http-nio-8080-Acceptor" daemon [_thread_in_native, id=1352, stack(0x0000009456900000,0x0000009456a00000)]
  0x000001ddab527690 JavaThread "DestroyJavaVM" [_thread_blocked, id=3616, stack(0x0000009453800000,0x0000009453900000)]

Other Threads:
  0x000001dda64e9bb0 VMThread "VM Thread" [stack: 0x0000009453e00000,0x0000009453f00000] [id=6488]
  0x000001dda648c450 WatcherThread [stack: 0x0000009454900000,0x0000009454a00000] [id=6768]
  0x000001dd8d037ed0 GCTaskThread "GC Thread#0" [stack: 0x0000009453900000,0x0000009453a00000] [id=11796]
  0x000001dda869e9f0 GCTaskThread "GC Thread#1" [stack: 0x0000009454c00000,0x0000009454d00000] [id=3176]
  0x000001dda89f7ab0 GCTaskThread "GC Thread#2" [stack: 0x0000009454d00000,0x0000009454e00000] [id=5104]
  0x000001dda7b3bcc0 GCTaskThread "GC Thread#3" [stack: 0x0000009454e00000,0x0000009454f00000] [id=2356]
  0x000001dda8695890 GCTaskThread "GC Thread#4" [stack: 0x0000009454f00000,0x0000009455000000] [id=1356]
  0x000001dda86fb880 GCTaskThread "GC Thread#5" [stack: 0x0000009455000000,0x0000009455100000] [id=10344]
  0x000001dda7b11050 GCTaskThread "GC Thread#6" [stack: 0x0000009455100000,0x0000009455200000] [id=7380]
  0x000001dda8828e60 GCTaskThread "GC Thread#7" [stack: 0x0000009455400000,0x0000009455500000] [id=12428]
  0x000001dd8d048a90 ConcurrentGCThread "G1 Main Marker" [stack: 0x0000009453a00000,0x0000009453b00000] [id=3632]
  0x000001dd8d04b070 ConcurrentGCThread "G1 Conc#0" [stack: 0x0000009453b00000,0x0000009453c00000] [id=12372]
  0x000001dda8b22060 ConcurrentGCThread "G1 Conc#1" [stack: 0x0000009455500000,0x0000009455600000] [id=10892]
  0x000001dda635a0f0 ConcurrentGCThread "G1 Refine#0" [stack: 0x0000009453c00000,0x0000009453d00000] [id=15224]
  0x000001dda7608380 ConcurrentGCThread "G1 Refine#1" [stack: 0x0000009455200000,0x0000009455300000] [id=9444]
  0x000001dda635ab10 ConcurrentGCThread "G1 Service" [stack: 0x0000009453d00000,0x0000009453e00000] [id=8400]

Threads with active compile tasks:
C2 CompilerThread0   846186 4566   !   4       java.util.zip.ZipFile::getInputStream (276 bytes)
C1 CompilerThread0   846186 4567       3       java.util.Formatter::parse (217 bytes)

VM state: not at safepoint (normal execution)

VM Mutex/Monitor currently owned by a thread: None

Heap address: 0x0000000081c00000, size: 2020 MB, Compressed Oops mode: 32-bit

CDS archive(s) not mapped
Compressed class space mapped at: 0x0000000100000000-0x0000000140000000, reserved size: 1073741824
Narrow klass base: 0x0000000000000000, Narrow klass shift: 3, Narrow klass range: 0x140000000

GC Precious Log:
 CPUs: 8 total, 8 available
 Memory: 8075M
 Large Page Support: Disabled
 NUMA Support: Disabled
 Compressed Oops: Enabled (32-bit)
 Heap Region Size: 1M
 Heap Min Capacity: 8M
 Heap Initial Capacity: 128M
 Heap Max Capacity: 2020M
 Pre-touch: Disabled
 Parallel Workers: 8
 Concurrent Workers: 2
 Concurrent Refinement Workers: 8
 Periodic GC: Disabled

Heap:
 garbage-first heap   total 51200K, used 36060K [0x0000000081c00000, 0x0000000100000000)
  region size 1024K, 24 young (24576K), 4 survivors (4096K)
 Metaspace       used 45865K, committed 46272K, reserved 1097728K
  class space    used 5795K, committed 5952K, reserved 1048576K

Heap Regions: E=young(eden), S=young(survivor), O=old, HS=humongous(starts), HC=humongous(continues), CS=collection set, F=free, OA=open archive, CA=closed archive, TAMS=top-at-mark-start (previous, next)
|   0|0x0000000081c00000, 0x0000000081d00000, 0x0000000081d00000|100%| O|  |TAMS 0x0000000081d00000, 0x0000000081c00000| Untracked 
|   1|0x0000000081d00000, 0x0000000081e00000, 0x0000000081e00000|100%| O|  |TAMS 0x0000000081e00000, 0x0000000081d00000| Untracked 
|   2|0x0000000081e00000, 0x0000000081f00000, 0x0000000081f00000|100%| O|  |TAMS 0x0000000081f00000, 0x0000000081e00000| Untracked 
|   3|0x0000000081f00000, 0x0000000082000000, 0x0000000082000000|100%| O|  |TAMS 0x0000000082000000, 0x0000000081f00000| Untracked 
|   4|0x0000000082000000, 0x0000000082100000, 0x0000000082100000|100%| O|  |TAMS 0x0000000082100000, 0x0000000082000000| Untracked 
|   5|0x0000000082100000, 0x0000000082200000, 0x0000000082200000|100%| O|  |TAMS 0x0000000082200000, 0x0000000082100000| Untracked 
|   6|0x0000000082200000, 0x0000000082300000, 0x0000000082300000|100%| O|  |TAMS 0x0000000082300000, 0x0000000082200000| Untracked 
|   7|0x0000000082300000, 0x0000000082400000, 0x0000000082400000|100%| O|  |TAMS 0x0000000082400000, 0x0000000082300000| Untracked 
|   8|0x0000000082400000, 0x0000000082500000, 0x0000000082500000|100%| O|  |TAMS 0x0000000082500000, 0x0000000082400000| Untracked 
|   9|0x0000000082500000, 0x0000000082600000, 0x0000000082600000|100%| O|  |TAMS 0x0000000082600000, 0x0000000082500000| Untracked 
|  10|0x0000000082600000, 0x0000000082700000, 0x0000000082700000|100%| O|  |TAMS 0x0000000082700000, 0x0000000082600000| Untracked 
|  11|0x0000000082700000, 0x0000000082800000, 0x0000000082800000|100%| O|  |TAMS 0x0000000082710400, 0x0000000082700000| Untracked 
|  12|0x0000000082800000, 0x0000000082873800, 0x0000000082900000| 45%| O|  |TAMS 0x0000000082800000, 0x0000000082800000| Untracked 
|  13|0x0000000082900000, 0x0000000082900000, 0x0000000082a00000|  0%| F|  |TAMS 0x0000000082900000, 0x0000000082900000| Untracked 
|  14|0x0000000082a00000, 0x0000000082a00000, 0x0000000082b00000|  0%| F|  |TAMS 0x0000000082a00000, 0x0000000082a00000| Untracked 
|  15|0x0000000082b00000, 0x0000000082b00000, 0x0000000082c00000|  0%| F|  |TAMS 0x0000000082b00000, 0x0000000082b00000| Untracked 
|  16|0x0000000082c00000, 0x0000000082c00000, 0x0000000082d00000|  0%| F|  |TAMS 0x0000000082c00000, 0x0000000082c00000| Untracked 
|  17|0x0000000082d00000, 0x0000000082dc3b68, 0x0000000082e00000| 76%| S|CS|TAMS 0x0000000082d00000, 0x0000000082d00000| Complete 
|  18|0x0000000082e00000, 0x0000000082f00000, 0x0000000082f00000|100%| S|CS|TAMS 0x0000000082e00000, 0x0000000082e00000| Complete 
|  19|0x0000000082f00000, 0x0000000083000000, 0x0000000083000000|100%| S|CS|TAMS 0x0000000082f00000, 0x0000000082f00000| Complete 
|  20|0x0000000083000000, 0x0000000083100000, 0x0000000083100000|100%| S|CS|TAMS 0x0000000083000000, 0x0000000083000000| Complete 
|  21|0x0000000083100000, 0x0000000083100000, 0x0000000083200000|  0%| F|  |TAMS 0x0000000083100000, 0x0000000083100000| Untracked 
|  22|0x0000000083200000, 0x0000000083200000, 0x0000000083300000|  0%| F|  |TAMS 0x0000000083200000, 0x0000000083200000| Untracked 
|  23|0x0000000083300000, 0x0000000083300000, 0x0000000083400000|  0%| F|  |TAMS 0x0000000083300000, 0x0000000083300000| Untracked 
|  24|0x0000000083400000, 0x0000000083400000, 0x0000000083500000|  0%| F|  |TAMS 0x0000000083400000, 0x0000000083400000| Untracked 
|  25|0x0000000083500000, 0x0000000083500000, 0x0000000083600000|  0%| F|  |TAMS 0x0000000083500000, 0x0000000083500000| Untracked 
|  26|0x0000000083600000, 0x0000000083600000, 0x0000000083700000|  0%| F|  |TAMS 0x0000000083600000, 0x0000000083600000| Untracked 
|  27|0x0000000083700000, 0x0000000083700000, 0x0000000083800000|  0%| F|  |TAMS 0x0000000083700000, 0x0000000083700000| Untracked 
|  28|0x0000000083800000, 0x0000000083800000, 0x0000000083900000|  0%| F|  |TAMS 0x0000000083800000, 0x0000000083800000| Untracked 
|  29|0x0000000083900000, 0x0000000083900000, 0x0000000083a00000|  0%| F|  |TAMS 0x0000000083900000, 0x0000000083900000| Untracked 
|  30|0x0000000083a00000, 0x0000000083a4a9c0, 0x0000000083b00000| 29%| E|  |TAMS 0x0000000083a00000, 0x0000000083a00000| Complete 
|  31|0x0000000083b00000, 0x0000000083c00000, 0x0000000083c00000|100%| E|CS|TAMS 0x0000000083b00000, 0x0000000083b00000| Complete 
|  32|0x0000000083c00000, 0x0000000083d00000, 0x0000000083d00000|100%| E|CS|TAMS 0x0000000083c00000, 0x0000000083c00000| Complete 
|  33|0x0000000083d00000, 0x0000000083e00000, 0x0000000083e00000|100%| E|CS|TAMS 0x0000000083d00000, 0x0000000083d00000| Complete 
|  34|0x0000000083e00000, 0x0000000083f00000, 0x0000000083f00000|100%| E|CS|TAMS 0x0000000083e00000, 0x0000000083e00000| Complete 
|  35|0x0000000083f00000, 0x0000000084000000, 0x0000000084000000|100%| E|CS|TAMS 0x0000000083f00000, 0x0000000083f00000| Complete 
|  36|0x0000000084000000, 0x0000000084100000, 0x0000000084100000|100%| E|CS|TAMS 0x0000000084000000, 0x0000000084000000| Complete 
|  37|0x0000000084100000, 0x0000000084200000, 0x0000000084200000|100%| E|CS|TAMS 0x0000000084100000, 0x0000000084100000| Complete 
|  38|0x0000000084200000, 0x0000000084300000, 0x0000000084300000|100%| E|CS|TAMS 0x0000000084200000, 0x0000000084200000| Complete 
|  39|0x0000000084300000, 0x0000000084400000, 0x0000000084400000|100%| E|CS|TAMS 0x0000000084300000, 0x0000000084300000| Complete 
|  40|0x0000000084400000, 0x0000000084500000, 0x0000000084500000|100%| E|CS|TAMS 0x0000000084400000, 0x0000000084400000| Complete 
|  41|0x0000000084500000, 0x0000000084600000, 0x0000000084600000|100%| E|CS|TAMS 0x0000000084500000, 0x0000000084500000| Complete 
|  42|0x0000000084600000, 0x0000000084700000, 0x0000000084700000|100%| E|CS|TAMS 0x0000000084600000, 0x0000000084600000| Complete 
|  43|0x0000000084700000, 0x0000000084800000, 0x0000000084800000|100%| E|CS|TAMS 0x0000000084700000, 0x0000000084700000| Complete 
|  44|0x0000000084800000, 0x0000000084900000, 0x0000000084900000|100%| E|CS|TAMS 0x0000000084800000, 0x0000000084800000| Complete 
|  45|0x0000000084900000, 0x0000000084a00000, 0x0000000084a00000|100%| E|CS|TAMS 0x0000000084900000, 0x0000000084900000| Complete 
|  46|0x0000000084a00000, 0x0000000084b00000, 0x0000000084b00000|100%| E|CS|TAMS 0x0000000084a00000, 0x0000000084a00000| Complete 
|  47|0x0000000084b00000, 0x0000000084c00000, 0x0000000084c00000|100%| E|CS|TAMS 0x0000000084b00000, 0x0000000084b00000| Complete 
|  48|0x0000000084c00000, 0x0000000084d00000, 0x0000000084d00000|100%| E|CS|TAMS 0x0000000084c00000, 0x0000000084c00000| Complete 
| 127|0x0000000089b00000, 0x0000000089c00000, 0x0000000089c00000|100%| E|CS|TAMS 0x0000000089b00000, 0x0000000089b00000| Complete 

Card table byte_map: [0x000001dd9f380000,0x000001dd9f780000] _byte_map_base: 0x000001dd9ef72000

Marking Bits (Prev, Next): (CMBitMap*) 0x000001dd8d0384e0, (CMBitMap*) 0x000001dd8d038520
 Prev Bits: [0x000001dd9fb80000, 0x000001dda1b10000)
 Next Bits: [0x000001dda1b10000, 0x000001dda3aa0000)

Polling page: 0x000001dd8c7a0000

Metaspace:

Usage:
  Non-class:     39.13 MB used.
      Class:      5.66 MB used.
       Both:     44.79 MB used.

Virtual space:
  Non-class space:       48.00 MB reserved,      39.38 MB ( 82%) committed,  6 nodes.
      Class space:        1.00 GB reserved,       5.81 MB ( <1%) committed,  1 nodes.
             Both:        1.05 GB reserved,      45.19 MB (  4%) committed. 

Chunk freelists:
   Non-Class:  3.78 MB
       Class:  2.20 MB
        Both:  5.98 MB

MaxMetaspaceSize: unlimited
CompressedClassSpaceSize: 1.00 GB
Initial GC threshold: 21.00 MB
Current GC threshold: 58.88 MB
CDS: off
MetaspaceReclaimPolicy: balanced
 - commit_granule_bytes: 65536.
 - commit_granule_words: 8192.
 - virtual_space_node_default_size: 1048576.
 - enlarge_chunks_in_place: 1.
 - new_chunks_are_fully_committed: 0.
 - uncommit_free_chunks: 1.
 - use_allocation_guard: 0.
 - handle_deallocations: 1.


Internal statistics:

num_allocs_failed_limit: 6.
num_arena_births: 442.
num_arena_deaths: 0.
num_vsnodes_births: 7.
num_vsnodes_deaths: 0.
num_space_committed: 723.
num_space_uncommitted: 0.
num_chunks_returned_to_freelist: 6.
num_chunks_taken_from_freelist: 1812.
num_chunk_merges: 6.
num_chunk_splits: 1236.
num_chunks_enlarged: 959.
num_purges: 0.
num_inconsistent_stats: 0.

CodeHeap 'non-profiled nmethods': size=120000Kb used=2741Kb max_used=2741Kb free=117258Kb
 bounds [0x000001dd97720000, 0x000001dd979d0000, 0x000001dd9ec50000]
CodeHeap 'profiled nmethods': size=120000Kb used=9411Kb max_used=9411Kb free=110589Kb
 bounds [0x000001dd901f0000, 0x000001dd90b30000, 0x000001dd97720000]
CodeHeap 'non-nmethods': size=5760Kb used=1248Kb max_used=1320Kb free=4511Kb
 bounds [0x000001dd8fc50000, 0x000001dd8fec0000, 0x000001dd901f0000]
 total_blobs=5126 nmethods=4563 adapters=475
 compilation: enabled
              stopped_count=0, restarted_count=0
 full_count=0

Compilation events (20 events):
Event: 803.189 Thread 0x000001dda7023bf0 4557       3       org.bson.BsonDocument::getArray (19 bytes)
Event: 803.189 Thread 0x000001dda7023bf0 nmethod 4557 0x000001dd90b1a310 code [0x000001dd90b1a4e0, 0x000001dd90b1a9e8]
Event: 803.193 Thread 0x000001dda7023bf0 4558  s    3       com.mongodb.internal.connection.ClusterClock::greaterOf (48 bytes)
Event: 803.193 Thread 0x000001dda7023bf0 nmethod 4558 0x000001dd90b1ab10 code [0x000001dd90b1ad60, 0x000001dd90b1b9a8]
Event: 813.190 Thread 0x000001dda7023bf0 4559   !   3       com.mongodb.internal.connection.ProtocolHelper::getNestedFieldValue (84 bytes)
Event: 813.191 Thread 0x000001dda7023bf0 nmethod 4559 0x000001dd90b1bc90 code [0x000001dd90b1bf80, 0x000001dd90b1d188]
Event: 813.194 Thread 0x000001dda7022500 4560       4       java.nio.ByteBuffer::<init> (47 bytes)
Event: 813.196 Thread 0x000001dda7022500 nmethod 4560 0x000001dd979ccb90 code [0x000001dd979ccd20, 0x000001dd979cd018]
Event: 833.192 Thread 0x000001dda7023bf0 4561       3       com.mongodb.internal.connection.DescriptionHelper::listToSet (66 bytes)
Event: 833.193 Thread 0x000001dda7023bf0 nmethod 4561 0x000001dd90b1d890 code [0x000001dd90b1db20, 0x000001dd90b1e9d8]
Event: 833.193 Thread 0x000001dda7023bf0 4562       3       org.bson.BsonArray::isEmpty (10 bytes)
Event: 833.193 Thread 0x000001dda7023bf0 nmethod 4562 0x000001dd90b1ee10 code [0x000001dd90b1efc0, 0x000001dd90b1f188]
Event: 833.193 Thread 0x000001dda7023bf0 4563       3       java.util.ArrayList::equals (62 bytes)
Event: 833.193 Thread 0x000001dda7023bf0 nmethod 4563 0x000001dd90b1f290 code [0x000001dd90b1f4a0, 0x000001dd90b1fc68]
Event: 833.198 Thread 0x000001dda7023bf0 4564       1       java.nio.DirectByteBuffer::isReadOnly (2 bytes)
Event: 833.199 Thread 0x000001dda7023bf0 nmethod 4564 0x000001dd979cd190 code [0x000001dd979cd320, 0x000001dd979cd3f8]
Event: 843.201 Thread 0x000001dda7023bf0 4565       3       java.util.Vector::<init> (49 bytes)
Event: 843.201 Thread 0x000001dda7023bf0 nmethod 4565 0x000001dd90b1fe10 code [0x000001dd90b20060, 0x000001dd90b208d8]
Event: 846.137 Thread 0x000001dda7022500 4566   !   4       java.util.zip.ZipFile::getInputStream (276 bytes)
Event: 846.137 Thread 0x000001dda7023bf0 4567       3       java.util.Formatter::parse (217 bytes)

GC Heap History (18 events):
Event: 0.822 GC heap before
{Heap before GC invocations=0 (full 0):
 garbage-first heap   total 131072K, used 23552K [0x0000000081c00000, 0x0000000100000000)
  region size 1024K, 23 young (23552K), 0 survivors (0K)
 Metaspace       used 13683K, committed 13888K, reserved 1064960K
  class space    used 1516K, committed 1600K, reserved 1048576K
}
Event: 0.826 GC heap after
{Heap after GC invocations=1 (full 0):
 garbage-first heap   total 131072K, used 5376K [0x0000000081c00000, 0x0000000100000000)
  region size 1024K, 3 young (3072K), 3 survivors (3072K)
 Metaspace       used 13683K, committed 13888K, reserved 1064960K
  class space    used 1516K, committed 1600K, reserved 1048576K
}
Event: 1.247 GC heap before
{Heap before GC invocations=1 (full 0):
 garbage-first heap   total 131072K, used 30976K [0x0000000081c00000, 0x0000000100000000)
  region size 1024K, 29 young (29696K), 3 survivors (3072K)
 Metaspace       used 21304K, committed 21504K, reserved 1073152K
  class space    used 2485K, committed 2624K, reserved 1048576K
}
Event: 1.253 GC heap after
{Heap after GC invocations=2 (full 0):
 garbage-first heap   total 131072K, used 7017K [0x0000000081c00000, 0x0000000100000000)
  region size 1024K, 2 young (2048K), 2 survivors (2048K)
 Metaspace       used 21304K, committed 21504K, reserved 1073152K
  class space    used 2485K, committed 2624K, reserved 1048576K
}
Event: 1.736 GC heap before
{Heap before GC invocations=3 (full 0):
 garbage-first heap   total 34816K, used 25449K [0x0000000081c00000, 0x0000000100000000)
  region size 1024K, 21 young (21504K), 2 survivors (2048K)
 Metaspace       used 23700K, committed 24000K, reserved 1073152K
  class space    used 2789K, committed 2944K, reserved 1048576K
}
Event: 1.741 GC heap after
{Heap after GC invocations=4 (full 0):
 garbage-first heap   total 34816K, used 8182K [0x0000000081c00000, 0x0000000100000000)
  region size 1024K, 3 young (3072K), 3 survivors (3072K)
 Metaspace       used 23700K, committed 24000K, reserved 1073152K
  class space    used 2789K, committed 2944K, reserved 1048576K
}
Event: 1.765 GC heap before
{Heap before GC invocations=4 (full 0):
 garbage-first heap   total 34816K, used 9206K [0x0000000081c00000, 0x0000000100000000)
  region size 1024K, 4 young (4096K), 3 survivors (3072K)
 Metaspace       used 23955K, committed 24256K, reserved 1073152K
  class space    used 2816K, committed 2944K, reserved 1048576K
}
Event: 1.772 GC heap after
{Heap after GC invocations=5 (full 0):
 garbage-first heap   total 34816K, used 8293K [0x0000000081c00000, 0x0000000100000000)
  region size 1024K, 1 young (1024K), 1 survivors (1024K)
 Metaspace       used 23955K, committed 24256K, reserved 1073152K
  class space    used 2816K, committed 2944K, reserved 1048576K
}
Event: 2.211 GC heap before
{Heap before GC invocations=5 (full 0):
 garbage-first heap   total 34816K, used 23653K [0x0000000081c00000, 0x0000000100000000)
  region size 1024K, 16 young (16384K), 1 survivors (1024K)
 Metaspace       used 27187K, committed 27392K, reserved 1073152K
  class space    used 3270K, committed 3392K, reserved 1048576K
}
Event: 2.215 GC heap after
{Heap after GC invocations=6 (full 0):
 garbage-first heap   total 34816K, used 9276K [0x0000000081c00000, 0x0000000100000000)
  region size 1024K, 2 young (2048K), 2 survivors (2048K)
 Metaspace       used 27187K, committed 27392K, reserved 1073152K
  class space    used 3270K, committed 3392K, reserved 1048576K
}
Event: 2.664 GC heap before
{Heap before GC invocations=6 (full 0):
 garbage-first heap   total 34816K, used 24636K [0x0000000081c00000, 0x0000000100000000)
  region size 1024K, 17 young (17408K), 2 survivors (2048K)
 Metaspace       used 31225K, committed 31552K, reserved 1081344K
  class space    used 3778K, committed 3904K, reserved 1048576K
}
Event: 2.670 GC heap after
{Heap after GC invocations=7 (full 0):
 garbage-first heap   total 34816K, used 11316K [0x0000000081c00000, 0x0000000100000000)
  region size 1024K, 3 young (3072K), 3 survivors (3072K)
 Metaspace       used 31225K, committed 31552K, reserved 1081344K
  class space    used 3778K, committed 3904K, reserved 1048576K
}
Event: 3.016 GC heap before
{Heap before GC invocations=7 (full 0):
 garbage-first heap   total 34816K, used 25652K [0x0000000081c00000, 0x0000000100000000)
  region size 1024K, 17 young (17408K), 3 survivors (3072K)
 Metaspace       used 34389K, committed 34688K, reserved 1081344K
  class space    used 4204K, committed 4352K, reserved 1048576K
}
Event: 3.020 GC heap after
{Heap after GC invocations=8 (full 0):
 garbage-first heap   total 34816K, used 12872K [0x0000000081c00000, 0x0000000100000000)
  region size 1024K, 2 young (2048K), 2 survivors (2048K)
 Metaspace       used 34389K, committed 34688K, reserved 1081344K
  class space    used 4204K, committed 4352K, reserved 1048576K
}
Event: 3.131 GC heap before
{Heap before GC invocations=8 (full 0):
 garbage-first heap   total 34816K, used 15944K [0x0000000081c00000, 0x0000000100000000)
  region size 1024K, 6 young (6144K), 2 survivors (2048K)
 Metaspace       used 35738K, committed 35968K, reserved 1081344K
  class space    used 4418K, committed 4544K, reserved 1048576K
}
Event: 3.133 GC heap after
{Heap after GC invocations=9 (full 0):
 garbage-first heap   total 58368K, used 13325K [0x0000000081c00000, 0x0000000100000000)
  region size 1024K, 1 young (1024K), 1 survivors (1024K)
 Metaspace       used 35738K, committed 35968K, reserved 1081344K
  class space    used 4418K, committed 4544K, reserved 1048576K
}
Event: 3.881 GC heap before
{Heap before GC invocations=10 (full 0):
 garbage-first heap   total 51200K, used 41997K [0x0000000081c00000, 0x0000000100000000)
  region size 1024K, 29 young (29696K), 1 survivors (1024K)
 Metaspace       used 40883K, committed 41216K, reserved 1089536K
  class space    used 5184K, committed 5312K, reserved 1048576K
}
Event: 3.886 GC heap after
{Heap after GC invocations=11 (full 0):
 garbage-first heap   total 51200K, used 16604K [0x0000000081c00000, 0x0000000100000000)
  region size 1024K, 4 young (4096K), 4 survivors (4096K)
 Metaspace       used 40883K, committed 41216K, reserved 1089536K
  class space    used 5184K, committed 5312K, reserved 1048576K
}

Deoptimization events (20 events):
Event: 618.577 Thread 0x000001dda8ed9640 Uncommon trap: trap_request=0xffffff45 fr.pc=0x000001dd979b19d8 relative=0x00000000000006b8
Event: 618.577 Thread 0x000001dda8ed9640 Uncommon trap: reason=unstable_if action=reinterpret pc=0x000001dd979b19d8 method=org.bson.BsonBinaryReader.doSkipValue()V @ 55 c2
Event: 618.577 Thread 0x000001dda8ed9640 DEOPT PACKING pc=0x000001dd979b19d8 sp=0x00000094561fa840
Event: 618.577 Thread 0x000001dda8ed9640 DEOPT UNPACKING pc=0x000001dd8fca23a3 sp=0x00000094561fa810 mode 2
Event: 618.578 Thread 0x000001dda8ed9640 Uncommon trap: trap_request=0xffffff45 fr.pc=0x000001dd979ac3e8 relative=0x0000000000001028
Event: 618.578 Thread 0x000001dda8ed9640 Uncommon trap: reason=unstable_if action=reinterpret pc=0x000001dd979ac3e8 method=org.bson.BsonBinaryReader.readBsonType()Lorg/bson/BsonType; @ 267 c2
Event: 618.578 Thread 0x000001dda8ed9640 DEOPT PACKING pc=0x000001dd979ac3e8 sp=0x00000094561fa500
Event: 618.578 Thread 0x000001dda8ed9640 DEOPT UNPACKING pc=0x000001dd8fca23a3 sp=0x00000094561fa4e8 mode 2
Event: 618.592 Thread 0x000001dda8ed9640 Uncommon trap: trap_request=0xfffffff4 fr.pc=0x000001dd97832fc8 relative=0x0000000000000288
Event: 618.592 Thread 0x000001dda8ed9640 Uncommon trap: reason=null_check action=make_not_entrant pc=0x000001dd97832fc8 method=org.springframework.util.ClassUtils.isAssignable(Ljava/lang/Class;Ljava/lang/Class;)Z @ 14 c2
Event: 618.592 Thread 0x000001dda8ed9640 DEOPT PACKING pc=0x000001dd97832fc8 sp=0x00000094561fb190
Event: 618.592 Thread 0x000001dda8ed9640 DEOPT UNPACKING pc=0x000001dd8fca23a3 sp=0x00000094561fb120 mode 2
Event: 618.600 Thread 0x000001dda8ed9640 Uncommon trap: trap_request=0xffffff45 fr.pc=0x000001dd9776e004 relative=0x0000000000000084
Event: 618.600 Thread 0x000001dda8ed9640 Uncommon trap: reason=unstable_if action=reinterpret pc=0x000001dd9776e004 method=java.lang.CharacterDataLatin1.isWhitespace(I)Z @ 14 c2
Event: 618.600 Thread 0x000001dda8ed9640 DEOPT PACKING pc=0x000001dd9776e004 sp=0x00000094561fd540
Event: 618.600 Thread 0x000001dda8ed9640 DEOPT UNPACKING pc=0x000001dd8fca23a3 sp=0x00000094561fd4b0 mode 2
Event: 618.601 Thread 0x000001dda8ed9640 Uncommon trap: trap_request=0xffffff45 fr.pc=0x000001dd979743b4 relative=0x0000000000001314
Event: 618.601 Thread 0x000001dda8ed9640 Uncommon trap: reason=unstable_if action=reinterpret pc=0x000001dd979743b4 method=java.util.concurrent.ConcurrentHashMap.putVal(Ljava/lang/Object;Ljava/lang/Object;Z)Ljava/lang/Object; @ 162 c2
Event: 618.601 Thread 0x000001dda8ed9640 DEOPT PACKING pc=0x000001dd979743b4 sp=0x00000094561fcad0
Event: 618.601 Thread 0x000001dda8ed9640 DEOPT UNPACKING pc=0x000001dd8fca23a3 sp=0x00000094561fca58 mode 2

Classes unloaded (0 events):
No events

Classes redefined (0 events):
No events

Internal exceptions (20 events):
Event: 3.867 Thread 0x000001dd8cfd4e30 Exception <a 'java/lang/NoSuchMethodError'{0x0000000083188b38}: 'java.lang.Object java.lang.invoke.DirectMethodHandle$Holder.invokeSpecial(java.lang.Object, java.lang.Object, java.lang.Object, int, java.lang.Object, int)'> (0x0000000083188b38) 
thrown [e:\jenkins\tmp\workspace\build\src\src\hotspot\share\interpreter\linkResolver.cpp, line 766]
Event: 4.475 Thread 0x000001ddab53a010 Exception <a 'java/lang/NoSuchMethodError'{0x0000000084461d50}: 'java.lang.Object java.lang.invoke.Invokers$Holder.invoke_MT(java.lang.Object, java.lang.Object, java.lang.Object)'> (0x0000000084461d50) 
thrown [e:\jenkins\tmp\workspace\build\src\src\hotspot\share\interpreter\linkResolver.cpp, line 766]
Event: 4.490 Thread 0x000001ddab53a010 Exception <a 'java/lang/NoSuchMethodError'{0x00000000844dfdd8}: 'float java.lang.invoke.DelegatingMethodHandle$Holder.reinvoke_L(java.lang.Object, java.lang.Object)'> (0x00000000844dfdd8) 
thrown [e:\jenkins\tmp\workspace\build\src\src\hotspot\share\interpreter\linkResolver.cpp, line 766]
Event: 4.530 Thread 0x000001ddab53a010 Exception <a 'java/lang/NoSuchMethodError'{0x00000000842a83e0}: 'java.lang.Object java.lang.invoke.DirectMethodHandle$Holder.invokeStatic(java.lang.Object, int, java.lang.Object, java.lang.Object)'> (0x00000000842a83e0) 
thrown [e:\jenkins\tmp\workspace\build\src\src\hotspot\share\interpreter\linkResolver.cpp, line 766]
Event: 4.539 Thread 0x000001ddab53a010 Exception <a 'java/lang/reflect/InvocationTargetException'{0x00000000841019f0}> (0x00000000841019f0) 
thrown [e:\jenkins\tmp\workspace\build\src\src\hotspot\share\runtime\reflection.cpp, line 1121]
Event: 4.558 Thread 0x000001ddab53a010 Exception <a 'java/lang/NoSuchMethodError'{0x00000000841c5138}: 'void java.lang.invoke.DirectMethodHandle$Holder.invokeSpecial(java.lang.Object, java.lang.Object, int)'> (0x00000000841c5138) 
thrown [e:\jenkins\tmp\workspace\build\src\src\hotspot\share\interpreter\linkResolver.cpp, line 766]
Event: 4.558 Thread 0x000001ddab53a010 Exception <a 'java/lang/NoSuchMethodError'{0x00000000841ceef8}: 'java.lang.Object java.lang.invoke.DirectMethodHandle$Holder.newInvokeSpecial(java.lang.Object, double)'> (0x00000000841ceef8) 
thrown [e:\jenkins\tmp\workspace\build\src\src\hotspot\share\interpreter\linkResolver.cpp, line 766]
Event: 4.559 Thread 0x000001ddab53a010 Exception <a 'java/lang/NoSuchMethodError'{0x00000000841d4160}: 'void java.lang.invoke.DirectMethodHandle$Holder.invokeSpecial(java.lang.Object, java.lang.Object, double)'> (0x00000000841d4160) 
thrown [e:\jenkins\tmp\workspace\build\src\src\hotspot\share\interpreter\linkResolver.cpp, line 766]
Event: 4.559 Thread 0x000001ddab53a010 Exception <a 'java/lang/NoSuchMethodError'{0x00000000841dac18}: 'java.lang.Object java.lang.invoke.DirectMethodHandle$Holder.newInvokeSpecial(java.lang.Object, java.lang.Object, double)'> (0x00000000841dac18) 
thrown [e:\jenkins\tmp\workspace\build\src\src\hotspot\share\interpreter\linkResolver.cpp, line 766]
Event: 4.559 Thread 0x000001ddab53a010 Exception <a 'java/lang/NoSuchMethodError'{0x00000000841df580}: 'java.lang.Object java.lang.invoke.DirectMethodHandle$Holder.invokeSpecial(java.lang.Object, java.lang.Object, java.lang.Object, double)'> (0x00000000841df580) 
thrown [e:\jenkins\tmp\workspace\build\src\src\hotspot\share\interpreter\linkResolver.cpp, line 766]
Event: 4.566 Thread 0x000001ddab53a010 Exception <a 'java/lang/NoSuchMethodError'{0x000000008400bd28}: 'void java.lang.invoke.Invokers$Holder.invoke_MT(java.lang.Object, java.lang.Object, java.lang.Object, java.lang.Object)'> (0x000000008400bd28) 
thrown [e:\jenkins\tmp\workspace\build\src\src\hotspot\share\interpreter\linkResolver.cpp, line 766]
Event: 618.586 Thread 0x000001dda8ed9640 Exception <a 'java/lang/NoSuchMethodError'{0x0000000083c75b60}: 'java.lang.Object java.lang.invoke.DirectMethodHandle$Holder.invokeVirtual(java.lang.Object, java.lang.Object, java.lang.Object, java.lang.Object, java.lang.Object)'> (0x0000000083c75b60) 
thrown [e:\jenkins\tmp\workspace\build\src\src\hotspot\share\interpreter\linkResolver.cpp, line 766]
Event: 618.591 Thread 0x000001dda8ed9640 Exception <a 'java/lang/IncompatibleClassChangeError'{0x0000000083cc6918}: Found class java.lang.Object, but interface was expected> (0x0000000083cc6918) 
thrown [e:\jenkins\tmp\workspace\build\src\src\hotspot\share\interpreter\linkResolver.cpp, line 833]
Event: 618.591 Thread 0x000001dda8ed9640 Exception <a 'java/lang/NoSuchMethodError'{0x0000000083ccac28}: 'int java.lang.invoke.DirectMethodHandle$Holder.invokeSpecialIFC(java.lang.Object, java.lang.Object, java.lang.Object)'> (0x0000000083ccac28) 
thrown [e:\jenkins\tmp\workspace\build\src\src\hotspot\share\interpreter\linkResolver.cpp, line 766]
Event: 618.592 Thread 0x000001dda8ed9640 Implicit null exception at 0x000001dd97832d60 to 0x000001dd97832fb4
Event: 618.593 Thread 0x000001dda8ed9640 Exception <a 'java/lang/NoSuchMethodError'{0x0000000083cd26c8}: 'int java.lang.invoke.DirectMethodHandle$Holder.invokeSpecial(java.lang.Object, java.lang.Object, java.lang.Object, int)'> (0x0000000083cd26c8) 
thrown [e:\jenkins\tmp\workspace\build\src\src\hotspot\share\interpreter\linkResolver.cpp, line 766]
Event: 618.595 Thread 0x000001dda8ed9640 Exception <a 'java/lang/NoSuchMethodError'{0x0000000083ceb590}: 'void java.lang.invoke.DelegatingMethodHandle$Holder.reinvoke_L(java.lang.Object, java.lang.Object, int)'> (0x0000000083ceb590) 
thrown [e:\jenkins\tmp\workspace\build\src\src\hotspot\share\interpreter\linkResolver.cpp, line 766]
Event: 618.597 Thread 0x000001dda8ed9640 Exception <a 'java/lang/NoSuchMethodError'{0x0000000083cfe2a8}: 'float java.lang.invoke.DelegatingMethodHandle$Holder.reinvoke_L(java.lang.Object, java.lang.Object, int)'> (0x0000000083cfe2a8) 
thrown [e:\jenkins\tmp\workspace\build\src\src\hotspot\share\interpreter\linkResolver.cpp, line 766]
Event: 618.598 Thread 0x000001dda8ed9640 Exception <a 'java/lang/NoSuchMethodError'{0x0000000083b08ed0}: 'void java.lang.invoke.DelegatingMethodHandle$Holder.reinvoke_L(java.lang.Object, java.lang.Object, float)'> (0x0000000083b08ed0) 
thrown [e:\jenkins\tmp\workspace\build\src\src\hotspot\share\interpreter\linkResolver.cpp, line 766]
Event: 846.136 Thread 0x000001ddab935040 Exception <a 'sun/net/ConnectionResetException'{0x0000000083be3220}: Connection reset> (0x0000000083be3220) 
thrown [e:\jenkins\tmp\workspace\build\src\src\hotspot\share\prims\jni.cpp, line 535]

VM Operations (20 events):
Event: 653.911 Executing VM operation: Cleanup
Event: 653.911 Executing VM operation: Cleanup done
Event: 670.919 Executing VM operation: Cleanup
Event: 670.919 Executing VM operation: Cleanup done
Event: 673.921 Executing VM operation: Cleanup
Event: 673.921 Executing VM operation: Cleanup done
Event: 713.942 Executing VM operation: Cleanup
Event: 713.942 Executing VM operation: Cleanup done
Event: 731.952 Executing VM operation: Cleanup
Event: 731.952 Executing VM operation: Cleanup done
Event: 733.953 Executing VM operation: Cleanup
Event: 733.953 Executing VM operation: Cleanup done
Event: 736.955 Executing VM operation: Cleanup
Event: 736.955 Executing VM operation: Cleanup done
Event: 783.983 Executing VM operation: Cleanup
Event: 783.983 Executing VM operation: Cleanup done
Event: 793.988 Executing VM operation: Cleanup
Event: 793.988 Executing VM operation: Cleanup done
Event: 824.000 Executing VM operation: Cleanup
Event: 824.000 Executing VM operation: Cleanup done

Events (20 events):
Event: 4.593 loading class sun/nio/cs/ISO_8859_1$Encoder done
Event: 4.593 loading class sun/nio/cs/Surrogate$Parser
Event: 4.593 loading class sun/nio/cs/Surrogate$Parser done
Event: 4.593 loading class sun/nio/cs/Surrogate
Event: 4.593 loading class sun/nio/cs/Surrogate done
Event: 9.740 Thread 0x000001dda72819b0 Thread exited: 0x000001dda72819b0
Event: 618.553 loading class java/util/regex/Pattern$SliceI
Event: 618.553 loading class java/util/regex/Pattern$SliceI done
Event: 618.561 loading class java/util/TreeMap$KeySpliterator
Event: 618.561 loading class java/util/TreeMap$KeySpliterator done
Event: 618.592 loading class sun/invoke/util/ValueConversions$1
Event: 618.592 loading class sun/invoke/util/ValueConversions$1 done
Event: 618.593 loading class java/lang/invoke/BoundMethodHandle$Species_LI
Event: 618.593 loading class java/lang/invoke/BoundMethodHandle$Species_LI done
Event: 618.593 loading class java/lang/invoke/ClassSpecializer$Factory$1Var
Event: 618.594 loading class java/lang/invoke/ClassSpecializer$Factory$1Var done
Event: 813.194 loading class jdk/internal/access/foreign/MemorySegmentProxy
Event: 813.194 loading class jdk/internal/access/foreign/MemorySegmentProxy done
Event: 846.136 loading class sun/net/ConnectionResetException
Event: 846.136 loading class sun/net/ConnectionResetException done


Dynamic libraries:
0x00007ff6c8410000 - 0x00007ff6c841e000 	C:\Users\user1\.vscode\extensions\redhat.java-1.8.0-win32-x64\jre\17.0.3-win32-x86_64\bin\java.exe
0x00007ff871c20000 - 0x00007ff871e0d000 	C:\Windows\SYSTEM32\ntdll.dll
0x00007ff871a00000 - 0x00007ff871ab3000 	C:\Windows\System32\KERNEL32.DLL
0x00007ff86ea70000 - 0x00007ff86ed05000 	C:\Windows\System32\KERNELBASE.dll
0x00007ff86de00000 - 0x00007ff86defa000 	C:\Windows\System32\ucrtbase.dll
0x00007ff843bf0000 - 0x00007ff843c09000 	C:\Users\user1\.vscode\extensions\redhat.java-1.8.0-win32-x64\jre\17.0.3-win32-x86_64\bin\VCRUNTIME140.dll
0x00007ff843c10000 - 0x00007ff843c28000 	C:\Users\user1\.vscode\extensions\redhat.java-1.8.0-win32-x64\jre\17.0.3-win32-x86_64\bin\jli.dll
0x00007ff86ff40000 - 0x00007ff8700d7000 	C:\Windows\System32\USER32.dll
0x00007ff86e9e0000 - 0x00007ff86ea00000 	C:\Windows\System32\win32u.dll
0x00007ff85dc10000 - 0x00007ff85de89000 	C:\Windows\WinSxS\amd64_microsoft.windows.common-controls_6595b64144ccf1df_6.0.17763.1577_none_de7444545348a3d0\COMCTL32.dll
0x00007ff86f040000 - 0x00007ff86f069000 	C:\Windows\System32\GDI32.dll
0x00007ff8717d0000 - 0x00007ff87186e000 	C:\Windows\System32\msvcrt.dll
0x00007ff86e0e0000 - 0x00007ff86e27c000 	C:\Windows\System32\gdi32full.dll
0x00007ff86f2e0000 - 0x00007ff86f60d000 	C:\Windows\System32\combase.dll
0x00007ff86dcd0000 - 0x00007ff86dd70000 	C:\Windows\System32\msvcp_win.dll
0x00007ff86f680000 - 0x00007ff86f7a2000 	C:\Windows\System32\RPCRT4.dll
0x00007ff86ed10000 - 0x00007ff86ed8e000 	C:\Windows\System32\bcryptPrimitives.dll
0x00007ff86f070000 - 0x00007ff86f09e000 	C:\Windows\System32\IMM32.DLL
0x00007ff845350000 - 0x00007ff84535c000 	C:\Users\user1\.vscode\extensions\redhat.java-1.8.0-win32-x64\jre\17.0.3-win32-x86_64\bin\vcruntime140_1.dll
0x00007ff83ab10000 - 0x00007ff83aba1000 	C:\Users\user1\.vscode\extensions\redhat.java-1.8.0-win32-x64\jre\17.0.3-win32-x86_64\bin\msvcp140.dll
0x00007ffff3810000 - 0x00007ffff4458000 	C:\Users\user1\.vscode\extensions\redhat.java-1.8.0-win32-x64\jre\17.0.3-win32-x86_64\bin\server\jvm.dll
0x00007ff871950000 - 0x00007ff8719f3000 	C:\Windows\System32\ADVAPI32.dll
0x00007ff86ee40000 - 0x00007ff86eede000 	C:\Windows\System32\sechost.dll
0x00007ff8702b0000 - 0x00007ff8702b8000 	C:\Windows\System32\PSAPI.DLL
0x00007ff85e750000 - 0x00007ff85e759000 	C:\Windows\SYSTEM32\WSOCK32.dll
0x00007ff86a180000 - 0x00007ff86a1a4000 	C:\Windows\SYSTEM32\WINMM.dll
0x00007ff862f00000 - 0x00007ff862f0a000 	C:\Windows\SYSTEM32\VERSION.dll
0x00007ff86f610000 - 0x00007ff86f67d000 	C:\Windows\System32\WS2_32.dll
0x00007ff86a130000 - 0x00007ff86a15d000 	C:\Windows\SYSTEM32\WINMMBASE.dll
0x00007ff86ea00000 - 0x00007ff86ea4a000 	C:\Windows\System32\cfgmgr32.dll
0x00007ff86dc00000 - 0x00007ff86dc11000 	C:\Windows\System32\kernel.appcore.dll
0x00007ff843d10000 - 0x00007ff843d1a000 	C:\Users\user1\.vscode\extensions\redhat.java-1.8.0-win32-x64\jre\17.0.3-win32-x86_64\bin\jimage.dll
0x00007ff86c590000 - 0x00007ff86c77d000 	C:\Windows\SYSTEM32\DBGHELP.DLL
0x00007ff85e450000 - 0x00007ff85e47a000 	C:\Windows\SYSTEM32\dbgcore.DLL
0x00007ff843bb0000 - 0x00007ff843bd5000 	C:\Users\user1\.vscode\extensions\redhat.java-1.8.0-win32-x64\jre\17.0.3-win32-x86_64\bin\java.dll
0x00007ff8438a0000 - 0x00007ff8438b8000 	C:\Users\user1\.vscode\extensions\redhat.java-1.8.0-win32-x64\jre\17.0.3-win32-x86_64\bin\zip.dll
0x00007ff8702d0000 - 0x00007ff8717c9000 	C:\Windows\System32\SHELL32.dll
0x00007ff86f0a0000 - 0x00007ff86f148000 	C:\Windows\System32\shcore.dll
0x00007ff86e280000 - 0x00007ff86e9d3000 	C:\Windows\System32\windows.storage.dll
0x00007ff86dc20000 - 0x00007ff86dc44000 	C:\Windows\System32\profapi.dll
0x00007ff86dc70000 - 0x00007ff86dccd000 	C:\Windows\System32\powrprof.dll
0x00007ff86f150000 - 0x00007ff86f1a2000 	C:\Windows\System32\shlwapi.dll
0x00007ff86ea50000 - 0x00007ff86ea67000 	C:\Windows\System32\cryptsp.dll
0x00007ff843b90000 - 0x00007ff843ba9000 	C:\Users\user1\.vscode\extensions\redhat.java-1.8.0-win32-x64\jre\17.0.3-win32-x86_64\bin\net.dll
0x00007ff868dc0000 - 0x00007ff868eb4000 	C:\Windows\SYSTEM32\WINHTTP.dll
0x00007ff86d410000 - 0x00007ff86d477000 	C:\Windows\system32\mswsock.dll
0x00007ff843750000 - 0x00007ff843765000 	C:\Users\user1\.vscode\extensions\redhat.java-1.8.0-win32-x64\jre\17.0.3-win32-x86_64\bin\nio.dll
0x00007ff83e220000 - 0x00007ff83e230000 	C:\Users\user1\.vscode\extensions\redhat.java-1.8.0-win32-x64\jre\17.0.3-win32-x86_64\bin\verify.dll
0x00007ff843930000 - 0x00007ff843939000 	C:\Users\user1\.vscode\extensions\redhat.java-1.8.0-win32-x64\jre\17.0.3-win32-x86_64\bin\management.dll
0x00007ff8437b0000 - 0x00007ff8437bb000 	C:\Users\user1\.vscode\extensions\redhat.java-1.8.0-win32-x64\jre\17.0.3-win32-x86_64\bin\management_ext.dll
0x00007ff84cba0000 - 0x00007ff84cbb6000 	C:\Windows\system32\napinsp.dll
0x00007ff84cb80000 - 0x00007ff84cb9a000 	C:\Windows\system32\pnrpnsp.dll
0x00007ff86d170000 - 0x00007ff86d236000 	C:\Windows\SYSTEM32\DNSAPI.dll
0x00007ff8702c0000 - 0x00007ff8702c8000 	C:\Windows\System32\NSI.dll
0x00007ff86d130000 - 0x00007ff86d16d000 	C:\Windows\SYSTEM32\IPHLPAPI.DLL
0x00007ff84cb70000 - 0x00007ff84cb7e000 	C:\Windows\System32\winrnr.dll
0x00007ff869e00000 - 0x00007ff869e1b000 	C:\Windows\system32\NLAapi.dll
0x00007ff84ca10000 - 0x00007ff84ca25000 	C:\Windows\system32\wshbth.dll
0x00007ff8616a0000 - 0x00007ff8616aa000 	C:\Windows\System32\rasadhlp.dll
0x00007ff865810000 - 0x00007ff865889000 	C:\Windows\System32\fwpuclnt.dll
0x00007ff86dd70000 - 0x00007ff86dd96000 	C:\Windows\System32\bcrypt.dll
0x00007ff86cf90000 - 0x00007ff86cfc3000 	C:\Windows\system32\rsaenh.dll
0x00007ff86db00000 - 0x00007ff86db29000 	C:\Windows\SYSTEM32\USERENV.dll
0x00007ff86d5e0000 - 0x00007ff86d5ec000 	C:\Windows\SYSTEM32\CRYPTBASE.dll
0x00007ff866b00000 - 0x00007ff866b16000 	C:\Windows\SYSTEM32\dhcpcsvc6.DLL
0x00007ff866380000 - 0x00007ff86639c000 	C:\Windows\SYSTEM32\dhcpcsvc.DLL
0x00007ff843eb0000 - 0x00007ff843ebe000 	C:\Users\user1\.vscode\extensions\redhat.java-1.8.0-win32-x64\jre\17.0.3-win32-x86_64\bin\sunmscapi.dll
0x00007ff86df00000 - 0x00007ff86e0dc000 	C:\Windows\System32\CRYPT32.dll
0x00007ff86dc50000 - 0x00007ff86dc62000 	C:\Windows\System32\MSASN1.dll
0x00007ff86d740000 - 0x00007ff86d766000 	C:\Windows\SYSTEM32\ncrypt.dll
0x00007ff86d700000 - 0x00007ff86d73c000 	C:\Windows\SYSTEM32\NTASN1.dll
0x00007ff843710000 - 0x00007ff843717000 	C:\Windows\system32\wshunix.dll

dbghelp: loaded successfully - version: 4.0.5 - missing functions: none
symbol engine: initialized successfully - sym options: 0x614 - pdb path: .;C:\Users\user1\.vscode\extensions\redhat.java-1.8.0-win32-x64\jre\17.0.3-win32-x86_64\bin;C:\Windows\SYSTEM32;C:\Windows\WinSxS\amd64_microsoft.windows.common-controls_6595b64144ccf1df_6.0.17763.1577_none_de7444545348a3d0;C:\Users\user1\.vscode\extensions\redhat.java-1.8.0-win32-x64\jre\17.0.3-win32-x86_64\bin\server

VM Arguments:
jvm_args: -XX:+ShowCodeDetailsInExceptionMessages 
java_command: songs.components.SongsApplication
java_class_path (initial): C:\Users\user1\Desktop\songsApplication\target\classes;C:\Users\user1\.m2\repository\org\springframework\boot\spring-boot-starter-data-mongodb\2.7.1\spring-boot-starter-data-mongodb-2.7.1.jar;C:\Users\user1\.m2\repository\org\springframework\boot\spring-boot-starter\2.7.1\spring-boot-starter-2.7.1.jar;C:\Users\user1\.m2\repository\org\springframework\boot\spring-boot\2.7.1\spring-boot-2.7.1.jar;C:\Users\user1\.m2\repository\org\springframework\boot\spring-boot-autoconfigure\2.7.1\spring-boot-autoconfigure-2.7.1.jar;C:\Users\user1\.m2\repository\org\springframework\boot\spring-boot-starter-logging\2.7.1\spring-boot-starter-logging-2.7.1.jar;C:\Users\user1\.m2\repository\ch\qos\logback\logback-classic\1.2.11\logback-classic-1.2.11.jar;C:\Users\user1\.m2\repository\ch\qos\logback\logback-core\1.2.11\logback-core-1.2.11.jar;C:\Users\user1\.m2\repository\org\apache\logging\log4j\log4j-to-slf4j\2.17.2\log4j-to-slf4j-2.17.2.jar;C:\Users\user1\.m2\repository\org\apache\logging\log4j\log4j-api\2.17.2\log4j-api-2.17.2.jar;C:\Users\user1\.m2\repository\org\slf4j\jul-to-slf4j\1.7.36\jul-to-slf4j-1.7.36.jar;C:\Users\user1\.m2\repository\jakarta\annotation\jakarta.annotation-api\1.3.5\jakarta.annotation-api-1.3.5.jar;C:\Users\user1\.m2\repository\org\yaml\snakeyaml\1.30\snakeyaml-1.30.jar;C:\Users\user1\.m2\repository\org\mongodb\mongodb-driver-sync\4.6.1\mongodb-driver-sync-4.6.1.jar;C:\Users\user1\.m2\repository\org\mongodb\bson\4.6.1\bson-4.6.1.jar;C:\Users\user1\.m2\repository\org\mongodb\mongodb-driver-core\4.6.1\mongodb-driver-core-4.6.1.jar;C:\Users\user1\.m2\repository\org\mongodb\bson-record-codec\4.6.1\bson-record-codec-4.6.1.jar;C:\Users\user1\.m2\repository\org\springframework\data\spring-data-mongodb\3.4.1\spring-data-mongodb-3.4.1.jar;C:\Users\user1\.m2\repository\org\springframework\spring-tx\5.3.21\spring-tx-5.3.21.jar;C:\Users\user1\.m2\repository\org\springframework\spring-context\5.3.21\spring-context-5.3.21.jar;C:\Users\user1\.m2\r
Launcher Type: SUN_STANDARD

[Global flags]
     intx CICompilerCount                          = 4                                         {product} {ergonomic}
     uint ConcGCThreads                            = 2                                         {product} {ergonomic}
     uint G1ConcRefinementThreads                  = 8                                         {product} {ergonomic}
   size_t G1HeapRegionSize                         = 1048576                                   {product} {ergonomic}
    uintx GCDrainStackTargetSize                   = 64                                        {product} {ergonomic}
   size_t InitialHeapSize                          = 134217728                                 {product} {ergonomic}
   size_t MarkStackSize                            = 4194304                                   {product} {ergonomic}
   size_t MaxHeapSize                              = 2118123520                                {product} {ergonomic}
   size_t MaxNewSize                               = 1270874112                                {product} {ergonomic}
   size_t MinHeapDeltaBytes                        = 1048576                                   {product} {ergonomic}
   size_t MinHeapSize                              = 8388608                                   {product} {ergonomic}
    uintx NonNMethodCodeHeapSize                   = 5839372                                {pd product} {ergonomic}
    uintx NonProfiledCodeHeapSize                  = 122909434                              {pd product} {ergonomic}
    uintx ProfiledCodeHeapSize                     = 122909434                              {pd product} {ergonomic}
    uintx ReservedCodeCacheSize                    = 251658240                              {pd product} {ergonomic}
     bool SegmentedCodeCache                       = true                                      {product} {ergonomic}
     bool ShowCodeDetailsInExceptionMessages       = true                                   {manageable} {command line}
   size_t SoftMaxHeapSize                          = 2118123520                             {manageable} {ergonomic}
     bool UseCompressedClassPointers               = true                           {product lp64_product} {ergonomic}
     bool UseCompressedOops                        = true                           {product lp64_product} {ergonomic}
     bool UseG1GC                                  = true                                      {product} {ergonomic}
     bool UseLargePagesIndividualAllocation        = false                                  {pd product} {ergonomic}

Logging:
Log output configuration:
 #0: stdout all=warning uptime,level,tags
 #1: stderr all=off uptime,level,tags

Environment Variables:
JAVA_HOME=C:\Program Files\Java\jre1.8.0_191
PATH=C:\Program Files\Common Files\Oracle\Java\javapath;C:\ProgramData\Oracle\Java\javapath;C:\Program Files (x86)\Common Files\Oracle\Java\javapath;C:\Program Files\Microsoft MPI\Bin\;C:\Windows\system32;C:\Windows;C:\Windows\System32\Wbem;C:\Windows\System32\WindowsPowerShell\v1.0\;C:\Windows\System32\OpenSSH\;C:\Program Files (x86)\Windows Live\Shared;C:\Program Files\dotnet\;C:\Program Files\Microsoft SQL Server\130\Tools\Binn\;C:\Program Files\Microsoft SQL Server\Client SDK\ODBC\130\Tools\Binn\;C:\Program Files (x86)\Microsoft SQL Server\140\Tools\Binn\;C:\Program Files\Microsoft SQL Server\140\Tools\Binn\;C:\Program Files\Microsoft SQL Server\140\DTS\Binn\;C:\Program Files (x86)\Microsoft SQL Server\Client SDK\ODBC\130\Tools\Binn\;C:\Program Files (x86)\Microsoft SQL Server\140\DTS\Binn\;C:\Program Files (x86)\Microsoft SQL Server\140\Tools\Binn\ManagementStudio\;C:\Users\user1\AppData\Local\Android\Sdk\platform-tools;C:\Program Files\Maven\apache-maven-3.8.6\bin;C:\Program Files\Git\cmd;C:\Program Files\MongoDB\Server\5.0\bin;C:\Program Files\Java\jre1.8.0_191\bn;C:\Program Files\nodejs\;C:\Users\user1\AppData\Local\Microsoft\WindowsApps;;C:\Users\user1\AppData\Local\Programs\Microsoft VS Code\bin;C:\Program Files\JetBrains\PyCharm Community Edition 2021.1.3\bin;;C:\Users\user1\AppData\Roaming\npm
USERNAME=user1
LANG=he_IL.UTF-8
OS=Windows_NT
PROCESSOR_IDENTIFIER=Intel64 Family 6 Model 142 Stepping 10, GenuineIntel



---------------  S Y S T E M  ---------------

OS:
 Windows 10 , 64 bit Build 17763 (10.0.17763.475)
OS uptime: 0 days 0:21 hours

CPU: total 8 (initial active 8) (4 cores per cpu, 2 threads per core) family 6 model 142 stepping 10 microcode 0x96, cx8, cmov, fxsr, ht, mmx, 3dnowpref, sse, sse2, sse3, ssse3, sse4.1, sse4.2, popcnt, lzcnt, tsc, tscinvbit, avx, avx2, aes, erms, clmul, bmi1, bmi2, adx, fma, vzeroupper, clflush, clflushopt

Memory: 4k page, system-wide physical 8075M (1492M free)
TotalPageFile size 9149M (AvailPageFile size 500M)
current process WorkingSet (physical memory assigned to process): 161M, peak: 201M
current process commit charge ("private bytes"): 194M, peak: 248M

vm_info: OpenJDK 64-Bit Server VM (17.0.3+7) for windows-amd64 JRE (17.0.3+7), built on Apr 19 2022 16:55:35 by "" with MS VC++ 16.7 (VS2019)

END.
